
Adjuntando el paquete: 'dplyr'

The following objects are masked from 'package:stats':

    filter, lag

The following objects are masked from 'package:base':

    intersect, setdiff, setequal, union

Error en hitting_etl(2025): 
  no se pudo encontrar la funci'on "hitting_etl"
Calls: master_daily_etl -> update_google_sheets -> fetch_latest_stats
Ejecuci'on interrumpida

Adjuntando el paquete: 'dplyr'

The following objects are masked from 'package:stats':

    filter, lag

The following objects are masked from 'package:base':

    intersect, setdiff, setequal, union

Error en hitting_etl(2025): 
  no se pudo encontrar la funci'on "hitting_etl"
Calls: master_daily_etl -> update_google_sheets -> fetch_latest_stats
Ejecuci'on interrumpida

Attaching package: ‘dplyr’

The following objects are masked from ‘package:stats’:

    filter, lag

The following objects are masked from ‘package:base’:

    intersect, setdiff, setequal, union

Error in hitting_etl(2025) : could not find function "hitting_etl"
Calls: master_daily_etl -> update_google_sheets -> fetch_latest_stats
Execution halted

Attaching package: ‘dplyr’

The following objects are masked from ‘package:stats’:

    filter, lag

The following objects are masked from ‘package:base’:

    intersect, setdiff, setequal, union

Error in hitting_etl(2025) : could not find function "hitting_etl"
Calls: master_daily_etl -> update_google_sheets -> fetch_latest_stats
Execution halted

Attaching package: ‘dplyr’

The following objects are masked from ‘package:stats’:

    filter, lag

The following objects are masked from ‘package:base’:

    intersect, setdiff, setequal, union

Error in hitting_etl(2025) : could not find function "hitting_etl"
Calls: master_daily_etl -> update_google_sheets -> fetch_latest_stats
Execution halted

Attaching package: ‘dplyr’

The following objects are masked from ‘package:stats’:

    filter, lag

The following objects are masked from ‘package:base’:

    intersect, setdiff, setequal, union

Error in hitting_etl(2025) : could not find function "hitting_etl"
Calls: master_daily_etl -> update_google_sheets -> fetch_latest_stats
Execution halted

Adjuntando el paquete: 'dplyr'

The following objects are masked from 'package:stats':

    filter, lag

The following objects are masked from 'package:base':

    intersect, setdiff, setequal, union

Error en hitting_etl(2025): 
  no se pudo encontrar la funci'on "hitting_etl"
Calls: master_daily_etl -> update_google_sheets -> fetch_latest_stats
Ejecuci'on interrumpida

Adjuntando el paquete: 'dplyr'

The following objects are masked from 'package:stats':

    filter, lag

The following objects are masked from 'package:base':

    intersect, setdiff, setequal, union

Error en hitting_etl(2025): 
  no se pudo encontrar la funci'on "hitting_etl"
Calls: master_daily_etl -> update_google_sheets -> fetch_latest_stats
Ejecuci'on interrumpida

Adjuntando el paquete: 'dplyr'

The following objects are masked from 'package:stats':

    filter, lag

The following objects are masked from 'package:base':

    intersect, setdiff, setequal, union

Error en hitting_etl(2025): 
  no se pudo encontrar la funci'on "hitting_etl"
Calls: master_daily_etl -> update_google_sheets -> fetch_latest_stats
Ejecuci'on interrumpida

Adjuntando el paquete: 'dplyr'

The following objects are masked from 'package:stats':

    filter, lag

The following objects are masked from 'package:base':

    intersect, setdiff, setequal, union

Error en hitting_etl(2025): 
  no se pudo encontrar la funci'on "hitting_etl"
Calls: master_daily_etl -> update_google_sheets -> fetch_latest_stats
Ejecuci'on interrumpida

Adjuntando el paquete: 'dplyr'

The following objects are masked from 'package:stats':

    filter, lag

The following objects are masked from 'package:base':

    intersect, setdiff, setequal, union

Error en hitting_etl(2025): 
  no se pudo encontrar la funci'on "hitting_etl"
Calls: master_daily_etl -> update_google_sheets -> fetch_latest_stats
Ejecuci'on interrumpida

Adjuntando el paquete: 'dplyr'

The following objects are masked from 'package:stats':

    filter, lag

The following objects are masked from 'package:base':

    intersect, setdiff, setequal, union

Error en hitting_etl(2025): 
  no se pudo encontrar la funci'on "hitting_etl"
Calls: master_daily_etl -> update_google_sheets -> fetch_latest_stats
Ejecuci'on interrumpida

Adjuntando el paquete: 'dplyr'

The following objects are masked from 'package:stats':

    filter, lag

The following objects are masked from 'package:base':

    intersect, setdiff, setequal, union

Error en hitting_etl(2025): 
  no se pudo encontrar la funci'on "hitting_etl"
Calls: master_daily_etl -> update_google_sheets -> fetch_latest_stats
Ejecuci'on interrumpida

Adjuntando el paquete: 'dplyr'

The following objects are masked from 'package:stats':

    filter, lag

The following objects are masked from 'package:base':

    intersect, setdiff, setequal, union

Error en hitting_etl(2025): 
  no se pudo encontrar la funci'on "hitting_etl"
Calls: master_daily_etl -> update_google_sheets -> fetch_latest_stats
Ejecuci'on interrumpida

Adjuntando el paquete: 'dplyr'

The following objects are masked from 'package:stats':

    filter, lag

The following objects are masked from 'package:base':

    intersect, setdiff, setequal, union

Error en hitting_etl(2025): 
  no se pudo encontrar la funci'on "hitting_etl"
Calls: master_daily_etl -> update_google_sheets -> fetch_latest_stats
Ejecuci'on interrumpida

Adjuntando el paquete: 'dplyr'

The following objects are masked from 'package:stats':

    filter, lag

The following objects are masked from 'package:base':

    intersect, setdiff, setequal, union

Error en hitting_etl(2025): 
  no se pudo encontrar la funci'on "hitting_etl"
Calls: master_daily_etl -> update_google_sheets -> fetch_latest_stats
Ejecuci'on interrumpida

Adjuntando el paquete: 'dplyr'

The following objects are masked from 'package:stats':

    filter, lag

The following objects are masked from 'package:base':

    intersect, setdiff, setequal, union

Error en hitting_etl(2025): 
  no se pudo encontrar la funci'on "hitting_etl"
Calls: master_daily_etl -> update_google_sheets -> fetch_latest_stats
Ejecuci'on interrumpida

Adjuntando el paquete: 'dplyr'

The following objects are masked from 'package:stats':

    filter, lag

The following objects are masked from 'package:base':

    intersect, setdiff, setequal, union

Error en hitting_etl(2025): 
  no se pudo encontrar la funci'on "hitting_etl"
Calls: master_daily_etl -> update_google_sheets -> fetch_latest_stats
Ejecuci'on interrumpida

Adjuntando el paquete: 'dplyr'

The following objects are masked from 'package:stats':

    filter, lag

The following objects are masked from 'package:base':

    intersect, setdiff, setequal, union

Error en hitting_etl(2025): 
  no se pudo encontrar la funci'on "hitting_etl"
Calls: master_daily_etl -> update_google_sheets -> fetch_latest_stats
Ejecuci'on interrumpida

Adjuntando el paquete: 'dplyr'

The following objects are masked from 'package:stats':

    filter, lag

The following objects are masked from 'package:base':

    intersect, setdiff, setequal, union

Error en hitting_etl(2025): 
  no se pudo encontrar la funci'on "hitting_etl"
Calls: master_daily_etl -> update_google_sheets -> fetch_latest_stats
Ejecuci'on interrumpida

Adjuntando el paquete: 'dplyr'

The following objects are masked from 'package:stats':

    filter, lag

The following objects are masked from 'package:base':

    intersect, setdiff, setequal, union

Error en hitting_etl(2025): 
  no se pudo encontrar la funci'on "hitting_etl"
Calls: master_daily_etl -> update_google_sheets -> fetch_latest_stats
Ejecuci'on interrumpida

Adjuntando el paquete: 'dplyr'

The following objects are masked from 'package:stats':

    filter, lag

The following objects are masked from 'package:base':

    intersect, setdiff, setequal, union

Error en hitting_etl(2025): 
  no se pudo encontrar la funci'on "hitting_etl"
Calls: master_daily_etl -> update_google_sheets -> fetch_latest_stats
Ejecuci'on interrumpida

Adjuntando el paquete: 'dplyr'

The following objects are masked from 'package:stats':

    filter, lag

The following objects are masked from 'package:base':

    intersect, setdiff, setequal, union

Error en hitting_etl(2025): 
  no se pudo encontrar la funci'on "hitting_etl"
Calls: master_daily_etl -> update_google_sheets -> fetch_latest_stats
Ejecuci'on interrumpida

Adjuntando el paquete: 'dplyr'

The following objects are masked from 'package:stats':

    filter, lag

The following objects are masked from 'package:base':

    intersect, setdiff, setequal, union

Error en hitting_etl(2025): 
  no se pudo encontrar la funci'on "hitting_etl"
Calls: master_daily_etl -> update_google_sheets -> fetch_latest_stats
Ejecuci'on interrumpida

Adjuntando el paquete: 'dplyr'

The following objects are masked from 'package:stats':

    filter, lag

The following objects are masked from 'package:base':

    intersect, setdiff, setequal, union

Error en hitting_etl(2025): 
  no se pudo encontrar la funci'on "hitting_etl"
Calls: master_daily_etl -> update_google_sheets -> fetch_latest_stats
Ejecuci'on interrumpida

Adjuntando el paquete: 'dplyr'

The following objects are masked from 'package:stats':

    filter, lag

The following objects are masked from 'package:base':

    intersect, setdiff, setequal, union

Error en hitting_etl(2025): 
  no se pudo encontrar la funci'on "hitting_etl"
Calls: master_daily_etl -> update_google_sheets -> fetch_latest_stats
Ejecuci'on interrumpida

Adjuntando el paquete: 'dplyr'

The following objects are masked from 'package:stats':

    filter, lag

The following objects are masked from 'package:base':

    intersect, setdiff, setequal, union

Error en hitting_etl(2025): 
  no se pudo encontrar la funci'on "hitting_etl"
Calls: master_daily_etl -> update_google_sheets -> fetch_latest_stats
Ejecuci'on interrumpida

Adjuntando el paquete: 'dplyr'

The following objects are masked from 'package:stats':

    filter, lag

The following objects are masked from 'package:base':

    intersect, setdiff, setequal, union

Error en hitting_etl(2025): 
  no se pudo encontrar la funci'on "hitting_etl"
Calls: master_daily_etl -> update_google_sheets -> fetch_latest_stats
Ejecuci'on interrumpida

Adjuntando el paquete: 'dplyr'

The following objects are masked from 'package:stats':

    filter, lag

The following objects are masked from 'package:base':

    intersect, setdiff, setequal, union

Error en hitting_etl(2025): 
  no se pudo encontrar la funci'on "hitting_etl"
Calls: master_daily_etl -> update_google_sheets -> fetch_latest_stats
Ejecuci'on interrumpida

Adjuntando el paquete: 'dplyr'

The following objects are masked from 'package:stats':

    filter, lag

The following objects are masked from 'package:base':

    intersect, setdiff, setequal, union

Error en hitting_etl(2025): 
  no se pudo encontrar la funci'on "hitting_etl"
Calls: master_daily_etl -> update_google_sheets -> fetch_latest_stats
Ejecuci'on interrumpida

Adjuntando el paquete: 'dplyr'

The following objects are masked from 'package:stats':

    filter, lag

The following objects are masked from 'package:base':

    intersect, setdiff, setequal, union

Error en hitting_etl(2025): 
  no se pudo encontrar la funci'on "hitting_etl"
Calls: master_daily_etl -> update_google_sheets -> fetch_latest_stats
Ejecuci'on interrumpida

Adjuntando el paquete: 'dplyr'

The following objects are masked from 'package:stats':

    filter, lag

The following objects are masked from 'package:base':

    intersect, setdiff, setequal, union

Error en hitting_etl(2025): 
  no se pudo encontrar la funci'on "hitting_etl"
Calls: master_daily_etl -> update_google_sheets -> fetch_latest_stats
Ejecuci'on interrumpida
